150   execve("/usr/bin/env", ["env", "LD_LIBRARY_PATH=.", "./static"], 0x7fff4a7f6428 /* 12 vars */) = 0
150   brk(NULL)                         = 0x601985fc5000
150   access("/etc/ld.so.preload", R_OK) = -1 ENOENT (No such file or directory)
150   openat(AT_FDCWD, "/etc/ld.so.cache", O_RDONLY|O_CLOEXEC) = 3
150   fstat(3, {st_mode=S_IFREG|0644, st_size=21784, ...}) = 0
150   mmap(NULL, 21784, PROT_READ, MAP_PRIVATE, 3, 0) = 0x7789b1dda000
150   close(3)                          = 0
150   openat(AT_FDCWD, "/lib/x86_64-linux-gnu/libc.so.6", O_RDONLY|O_CLOEXEC) = 3
150   read(3, "\177ELF\2\1\1\3\0\0\0\0\0\0\0\0\3\0>\0\1\0\0\0\260>\2\0\0\0\0\0"..., 832) = 832
150   fstat(3, {st_mode=S_IFREG|0755, st_size=1901536, ...}) = 0
150   mmap(NULL, 8192, PROT_READ|PROT_WRITE, MAP_PRIVATE|MAP_ANONYMOUS, -1, 0) = 0x7789b1dd8000
150   mmap(NULL, 1914496, PROT_READ, MAP_PRIVATE|MAP_DENYWRITE, 3, 0) = 0x7789b1c04000
150   mmap(0x7789b1c26000, 1413120, PROT_READ|PROT_EXEC, MAP_PRIVATE|MAP_FIXED|MAP_DENYWRITE, 3, 0x22000) = 0x7789b1c26000
150   mmap(0x7789b1d7f000, 323584, PROT_READ, MAP_PRIVATE|MAP_FIXED|MAP_DENYWRITE, 3, 0x17b000) = 0x7789b1d7f000
150   mmap(0x7789b1dce000, 24576, PROT_READ|PROT_WRITE, MAP_PRIVATE|MAP_FIXED|MAP_DENYWRITE, 3, 0x1c9000) = 0x7789b1dce000
150   mmap(0x7789b1dd4000, 13952, PROT_READ|PROT_WRITE, MAP_PRIVATE|MAP_FIXED|MAP_ANONYMOUS, -1, 0) = 0x7789b1dd4000
150   close(3)                          = 0
150   arch_prctl(ARCH_SET_FS, 0x7789b1dd9580) = 0
150   mprotect(0x7789b1dce000, 16384, PROT_READ) = 0
150   mprotect(0x60196b3a1000, 4096, PROT_READ) = 0
150   mprotect(0x7789b1e0a000, 4096, PROT_READ) = 0
150   munmap(0x7789b1dda000, 21784)     = 0
150   brk(NULL)                         = 0x601985fc5000
150   brk(0x601985fe6000)               = 0x601985fe6000
150   execve("./static", ["./static"], 0x601985fc5400 /* 13 vars */) = 0
150   brk(NULL)                         = 0x5de7a0443000
150   access("/etc/ld.so.preload", R_OK) = -1 ENOENT (No such file or directory)
150   openat(AT_FDCWD, "./tls/haswell/x86_64/lib1.so", O_RDONLY|O_CLOEXEC) = -1 ENOENT (No such file or directory)
150   openat(AT_FDCWD, "./tls/haswell/lib1.so", O_RDONLY|O_CLOEXEC) = -1 ENOENT (No such file or directory)
150   openat(AT_FDCWD, "./tls/x86_64/lib1.so", O_RDONLY|O_CLOEXEC) = -1 ENOENT (No such file or directory)
150   openat(AT_FDCWD, "./tls/lib1.so", O_RDONLY|O_CLOEXEC) = -1 ENOENT (No such file or directory)
150   openat(AT_FDCWD, "./haswell/x86_64/lib1.so", O_RDONLY|O_CLOEXEC) = -1 ENOENT (No such file or directory)
150   openat(AT_FDCWD, "./haswell/lib1.so", O_RDONLY|O_CLOEXEC) = -1 ENOENT (No such file or directory)
150   openat(AT_FDCWD, "./x86_64/lib1.so", O_RDONLY|O_CLOEXEC) = -1 ENOENT (No such file or directory)
150   openat(AT_FDCWD, "./lib1.so", O_RDONLY|O_CLOEXEC) = 3
150   read(3, "\177ELF\2\1\1\0\0\0\0\0\0\0\0\0\3\0>\0\1\0\0\0P\20\0\0\0\0\0\0"..., 832) = 832
150   fstat(3, {st_mode=S_IFREG|0755, st_size=15920, ...}) = 0
150   mmap(NULL, 8192, PROT_READ|PROT_WRITE, MAP_PRIVATE|MAP_ANONYMOUS, -1, 0) = 0x7aa25e722000
150   getcwd("/workspace/laba4", 128)   = 17
150   mmap(NULL, 16432, PROT_READ, MAP_PRIVATE|MAP_DENYWRITE, 3, 0) = 0x7aa25e71d000
150   mmap(0x7aa25e71e000, 4096, PROT_READ|PROT_EXEC, MAP_PRIVATE|MAP_FIXED|MAP_DENYWRITE, 3, 0x1000) = 0x7aa25e71e000
150   mmap(0x7aa25e71f000, 4096, PROT_READ, MAP_PRIVATE|MAP_FIXED|MAP_DENYWRITE, 3, 0x2000) = 0x7aa25e71f000
150   mmap(0x7aa25e720000, 8192, PROT_READ|PROT_WRITE, MAP_PRIVATE|MAP_FIXED|MAP_DENYWRITE, 3, 0x2000) = 0x7aa25e720000
150   close(3)                          = 0
150   openat(AT_FDCWD, "./tls/haswell/x86_64/libc.so.6", O_RDONLY|O_CLOEXEC) = -1 ENOENT (No such file or directory)
150   openat(AT_FDCWD, "./tls/haswell/libc.so.6", O_RDONLY|O_CLOEXEC) = -1 ENOENT (No such file or directory)
150   openat(AT_FDCWD, "./tls/x86_64/libc.so.6", O_RDONLY|O_CLOEXEC) = -1 ENOENT (No such file or directory)
150   openat(AT_FDCWD, "./tls/libc.so.6", O_RDONLY|O_CLOEXEC) = -1 ENOENT (No such file or directory)
150   openat(AT_FDCWD, "./haswell/x86_64/libc.so.6", O_RDONLY|O_CLOEXEC) = -1 ENOENT (No such file or directory)
150   openat(AT_FDCWD, "./haswell/libc.so.6", O_RDONLY|O_CLOEXEC) = -1 ENOENT (No such file or directory)
150   openat(AT_FDCWD, "./x86_64/libc.so.6", O_RDONLY|O_CLOEXEC) = -1 ENOENT (No such file or directory)
150   openat(AT_FDCWD, "./libc.so.6", O_RDONLY|O_CLOEXEC) = -1 ENOENT (No such file or directory)
150   openat(AT_FDCWD, "/etc/ld.so.cache", O_RDONLY|O_CLOEXEC) = 3
150   fstat(3, {st_mode=S_IFREG|0644, st_size=21784, ...}) = 0
150   mmap(NULL, 21784, PROT_READ, MAP_PRIVATE, 3, 0) = 0x7aa25e717000
150   close(3)                          = 0
150   openat(AT_FDCWD, "/lib/x86_64-linux-gnu/libc.so.6", O_RDONLY|O_CLOEXEC) = 3
150   read(3, "\177ELF\2\1\1\3\0\0\0\0\0\0\0\0\3\0>\0\1\0\0\0\260>\2\0\0\0\0\0"..., 832) = 832
150   fstat(3, {st_mode=S_IFREG|0755, st_size=1901536, ...}) = 0
150   mmap(NULL, 1914496, PROT_READ, MAP_PRIVATE|MAP_DENYWRITE, 3, 0) = 0x7aa25e543000
150   mmap(0x7aa25e565000, 1413120, PROT_READ|PROT_EXEC, MAP_PRIVATE|MAP_FIXED|MAP_DENYWRITE, 3, 0x22000) = 0x7aa25e565000
150   mmap(0x7aa25e6be000, 323584, PROT_READ, MAP_PRIVATE|MAP_FIXED|MAP_DENYWRITE, 3, 0x17b000) = 0x7aa25e6be000
150   mmap(0x7aa25e70d000, 24576, PROT_READ|PROT_WRITE, MAP_PRIVATE|MAP_FIXED|MAP_DENYWRITE, 3, 0x1c9000) = 0x7aa25e70d000
150   mmap(0x7aa25e713000, 13952, PROT_READ|PROT_WRITE, MAP_PRIVATE|MAP_FIXED|MAP_ANONYMOUS, -1, 0) = 0x7aa25e713000
150   close(3)                          = 0
150   mmap(NULL, 12288, PROT_READ|PROT_WRITE, MAP_PRIVATE|MAP_ANONYMOUS, -1, 0) = 0x7aa25e540000
150   arch_prctl(ARCH_SET_FS, 0x7aa25e540740) = 0
150   mprotect(0x7aa25e70d000, 16384, PROT_READ) = 0
150   mprotect(0x7aa25e720000, 4096, PROT_READ) = 0
150   mprotect(0x5de763383000, 4096, PROT_READ) = 0
150   mprotect(0x7aa25e74e000, 4096, PROT_READ) = 0
150   munmap(0x7aa25e717000, 21784)     = 0
150   fstat(0, {st_mode=S_IFCHR|0620, st_rdev=makedev(0x88, 0), ...}) = 0
150   brk(NULL)                         = 0x5de7a0443000
150   brk(0x5de7a0464000)               = 0x5de7a0464000
150   read(0, "1 11 121\n", 1024)       = 9
150   fstat(1, {st_mode=S_IFCHR|0620, st_rdev=makedev(0x88, 0), ...}) = 0
150   write(1, "11\n", 3)               = 3
150   read(0, "2 3\n", 1024)            = 4
150   write(1, "11\n", 3)               = 3
150   read(0, 0x5de7a04432a0, 1024)     = ? ERESTARTSYS (To be restarted if SA_RESTART is set)
150   --- SIGINT {si_signo=SIGINT, si_code=SI_KERNEL} ---
150   +++ killed by SIGINT +++
